Tue Jun 26 2018 16:20:05 GMT+0200 (Střední Evropa (letní čas)): GET  /about
Tue Jun 26 2018 16:20:06 GMT+0200 (Střední Evropa (letní čas)): GET  /about
Tue Jun 26 2018 16:20:06 GMT+0200 (Střední Evropa (letní čas)): GET  /
Tue Jun 26 2018 16:20:07 GMT+0200 (Střední Evropa (letní čas)): GET  /about
Tue Jun 26 2018 16:20:07 GMT+0200 (Střední Evropa (letní čas)): GET  /
Tue Jun 26 2018 16:20:07 GMT+0200 (Střední Evropa (letní čas)): GET  /about
Tue Jun 26 2018 16:20:08 GMT+0200 (Střední Evropa (letní čas)): GET  /
Tue Jun 26 2018 16:20:09 GMT+0200 (Střední Evropa (letní čas)): GET  /about
Wed Jun 27 2018 10:34:37 GMT+0200 (Střední Evropa (letní čas)): GET  /about
Wed Jun 27 2018 10:35:42 GMT+0200 (Střední Evropa (letní čas)): GET  /
Wed Jun 27 2018 10:35:45 GMT+0200 (Střední Evropa (letní čas)): GET  /
Wed Jun 27 2018 10:35:49 GMT+0200 (Střední Evropa (letní čas)): GET  /
Wed Jun 27 2018 10:36:10 GMT+0200 (Střední Evropa (letní čas)): GET  /
Wed Jun 27 2018 10:36:44 GMT+0200 (Střední Evropa (letní čas)): GET  /
Wed Jun 27 2018 10:36:46 GMT+0200 (Střední Evropa (letní čas)): GET  /
Wed Jun 27 2018 10:37:37 GMT+0200 (Střední Evropa (letní čas)): GET  /
Wed Jun 27 2018 10:37:38 GMT+0200 (Střední Evropa (letní čas)): GET  /
Wed Jun 27 2018 10:37:43 GMT+0200 (Střední Evropa (letní čas)): GET  /about
Wed Jun 27 2018 10:37:47 GMT+0200 (Střední Evropa (letní čas)): GET  /
Wed Jun 27 2018 10:37:50 GMT+0200 (Střední Evropa (letní čas)): GET  /
Wed Jun 27 2018 10:37:51 GMT+0200 (Střední Evropa (letní čas)): GET  /
Wed Jun 27 2018 10:37:56 GMT+0200 (Střední Evropa (letní čas)): GET  /about
Wed Jun 27 2018 10:37:58 GMT+0200 (Střední Evropa (letní čas)): GET  /about
Wed Jun 27 2018 10:37:59 GMT+0200 (Střední Evropa (letní čas)): GET  /
Wed Jun 27 2018 10:38:00 GMT+0200 (Střední Evropa (letní čas)): GET  /
Wed Jun 27 2018 10:38:03 GMT+0200 (Střední Evropa (letní čas)): GET  /about
Wed Jun 27 2018 10:38:04 GMT+0200 (Střední Evropa (letní čas)): GET  /about
Wed Jun 27 2018 10:38:04 GMT+0200 (Střední Evropa (letní čas)): GET  /about
Wed Jun 27 2018 10:38:05 GMT+0200 (Střední Evropa (letní čas)): GET  /about
Wed Jun 27 2018 10:38:11 GMT+0200 (Střední Evropa (letní čas)): GET  /
Wed Jun 27 2018 10:38:37 GMT+0200 (Střední Evropa (letní čas)): GET  /
Wed Jun 27 2018 10:38:37 GMT+0200 (Střední Evropa (letní čas)): GET  /
Wed Jun 27 2018 10:38:38 GMT+0200 (Střední Evropa (letní čas)): GET  /
Wed Jun 27 2018 10:38:38 GMT+0200 (Střední Evropa (letní čas)): GET  /
Wed Jun 27 2018 10:38:39 GMT+0200 (Střední Evropa (letní čas)): GET  /
Wed Jun 27 2018 10:38:40 GMT+0200 (Střední Evropa (letní čas)): GET  /
Wed Jun 27 2018 10:38:40 GMT+0200 (Střední Evropa (letní čas)): GET  /
Wed Jun 27 2018 10:38:40 GMT+0200 (Střední Evropa (letní čas)): GET  /
Wed Jun 27 2018 10:38:40 GMT+0200 (Střední Evropa (letní čas)): GET  /
Wed Jun 27 2018 10:38:40 GMT+0200 (Střední Evropa (letní čas)): GET  /
Wed Jun 27 2018 10:38:41 GMT+0200 (Střední Evropa (letní čas)): GET  /
Wed Jun 27 2018 10:38:41 GMT+0200 (Střední Evropa (letní čas)): GET  /
Wed Jun 27 2018 10:38:41 GMT+0200 (Střední Evropa (letní čas)): GET  /
Wed Jun 27 2018 10:38:42 GMT+0200 (Střední Evropa (letní čas)): GET  /
Wed Jun 27 2018 10:38:42 GMT+0200 (Střední Evropa (letní čas)): GET  /
Wed Jun 27 2018 10:38:42 GMT+0200 (Střední Evropa (letní čas)): GET  /
Wed Jun 27 2018 10:38:43 GMT+0200 (Střední Evropa (letní čas)): GET  /
Wed Jun 27 2018 10:38:43 GMT+0200 (Střední Evropa (letní čas)): GET  /
Wed Jun 27 2018 10:38:44 GMT+0200 (Střední Evropa (letní čas)): GET  /
Wed Jun 27 2018 10:38:44 GMT+0200 (Střední Evropa (letní čas)): GET  /
Wed Jun 27 2018 10:38:45 GMT+0200 (Střední Evropa (letní čas)): GET  /
Wed Jun 27 2018 10:38:45 GMT+0200 (Střední Evropa (letní čas)): GET  /
Wed Jun 27 2018 10:38:46 GMT+0200 (Střední Evropa (letní čas)): GET  /
Wed Jun 27 2018 10:38:47 GMT+0200 (Střední Evropa (letní čas)): GET  /
Wed Jun 27 2018 10:38:47 GMT+0200 (Střední Evropa (letní čas)): GET  /
Wed Jun 27 2018 10:38:48 GMT+0200 (Střední Evropa (letní čas)): GET  /
Wed Jun 27 2018 10:38:48 GMT+0200 (Střední Evropa (letní čas)): GET  /
Wed Jun 27 2018 10:38:49 GMT+0200 (Střední Evropa (letní čas)): GET  /
Wed Jun 27 2018 10:38:50 GMT+0200 (Střední Evropa (letní čas)): GET  /
Wed Jun 27 2018 10:38:50 GMT+0200 (Střední Evropa (letní čas)): GET  /
Wed Jun 27 2018 10:38:51 GMT+0200 (Střední Evropa (letní čas)): GET  /
Wed Jun 27 2018 12:28:32 GMT+0200 (Střední Evropa (letní čas)): GET  /
Wed Jun 27 2018 12:28:45 GMT+0200 (Střední Evropa (letní čas)): GET  /help.html
Wed Jun 27 2018 12:29:04 GMT+0200 (Střední Evropa (letní čas)): GET  /help.html
Wed Jun 27 2018 12:29:32 GMT+0200 (Střední Evropa (letní čas)): GET  /help.html
Wed Jun 27 2018 12:29:37 GMT+0200 (Střední Evropa (letní čas)): GET  /
Wed Jun 27 2018 12:30:13 GMT+0200 (Střední Evropa (letní čas)): GET  /
Wed Jun 27 2018 12:30:22 GMT+0200 (Střední Evropa (letní čas)): GET  /
Wed Jun 27 2018 12:30:24 GMT+0200 (Střední Evropa (letní čas)): GET  /
Wed Jun 27 2018 12:32:01 GMT+0200 (Střední Evropa (letní čas)): GET  /public/
Wed Jun 27 2018 12:32:48 GMT+0200 (Střední Evropa (letní čas)): GET  /
Wed Jun 27 2018 12:32:52 GMT+0200 (Střední Evropa (letní čas)): GET  /about
Wed Jun 27 2018 12:32:57 GMT+0200 (Střední Evropa (letní čas)): GET  /about
Wed Jun 27 2018 12:36:48 GMT+0200 (Střední Evropa (letní čas)): GET  /help.html
Wed Jun 27 2018 12:36:51 GMT+0200 (Střední Evropa (letní čas)): GET  /help.html
Wed Jun 27 2018 12:36:53 GMT+0200 (Střední Evropa (letní čas)): GET  /
Wed Jun 27 2018 12:39:20 GMT+0200 (Střední Evropa (letní čas)): GET  /
Wed Jun 27 2018 12:39:21 GMT+0200 (Střední Evropa (letní čas)): GET  /
Wed Jun 27 2018 12:39:25 GMT+0200 (Střední Evropa (letní čas)): GET  /help.html
Wed Jun 27 2018 12:46:53 GMT+0200 (Střední Evropa (letní čas)): GET /help.html
